{"/home/baudin-silva/proyectos/LIM013-fe-md-links/api.js": {"path":"/home/baudin-silva/proyectos/LIM013-fe-md-links/api.js","statementMap":{"0":{"start":{"line":1,"column":11},"end":{"line":1,"column":24}},"1":{"start":{"line":2,"column":13},"end":{"line":2,"column":28}},"2":{"start":{"line":4,"column":0},"end":{"line":24,"column":2}},"3":{"start":{"line":5,"column":26},"end":{"line":5,"column":48}},"4":{"start":{"line":6,"column":27},"end":{"line":6,"column":51}},"5":{"start":{"line":7,"column":29},"end":{"line":7,"column":50}},"6":{"start":{"line":8,"column":27},"end":{"line":8,"column":56}},"7":{"start":{"line":11,"column":18},"end":{"line":11,"column":41}},"8":{"start":{"line":12,"column":18},"end":{"line":12,"column":20}},"9":{"start":{"line":14,"column":4},"end":{"line":20,"column":7}},"10":{"start":{"line":15,"column":6},"end":{"line":19,"column":7}},"11":{"start":{"line":16,"column":8},"end":{"line":16,"column":25}},"12":{"start":{"line":18,"column":8},"end":{"line":18,"column":44}},"13":{"start":{"line":22,"column":4},"end":{"line":22,"column":17}}},"fnMap":{"0":{"name":"(anonymous_0)","decl":{"start":{"line":5,"column":13},"end":{"line":5,"column":14}},"loc":{"start":{"line":5,"column":26},"end":{"line":5,"column":48}},"line":5},"1":{"name":"(anonymous_1)","decl":{"start":{"line":6,"column":14},"end":{"line":6,"column":15}},"loc":{"start":{"line":6,"column":27},"end":{"line":6,"column":51}},"line":6},"2":{"name":"(anonymous_2)","decl":{"start":{"line":7,"column":16},"end":{"line":7,"column":17}},"loc":{"start":{"line":7,"column":29},"end":{"line":7,"column":50}},"line":7},"3":{"name":"(anonymous_3)","decl":{"start":{"line":8,"column":14},"end":{"line":8,"column":15}},"loc":{"start":{"line":8,"column":27},"end":{"line":8,"column":56}},"line":8},"4":{"name":"readDirectory","decl":{"start":{"line":10,"column":26},"end":{"line":10,"column":39}},"loc":{"start":{"line":10,"column":49},"end":{"line":23,"column":3}},"line":10},"5":{"name":"(anonymous_5)","decl":{"start":{"line":14,"column":18},"end":{"line":14,"column":19}},"loc":{"start":{"line":14,"column":28},"end":{"line":20,"column":5}},"line":14}},"branchMap":{"0":{"loc":{"start":{"line":15,"column":6},"end":{"line":19,"column":7}},"type":"if","locations":[{"start":{"line":15,"column":6},"end":{"line":19,"column":7}},{"start":{"line":15,"column":6},"end":{"line":19,"column":7}}],"line":15}},"s":{"0":1,"1":1,"2":1,"3":1,"4":1,"5":1,"6":1,"7":3,"8":3,"9":3,"10":5,"11":3,"12":2,"13":3},"f":{"0":1,"1":1,"2":1,"3":1,"4":3,"5":5},"b":{"0":[3,2]},"_coverageSchema":"1a1c01bbd47fc00a2c39e90264f33305004495a9","hash":"78743402bf9146b373bce25e0652ac233f480f75"}
}
