{"/home/baudin-silva/proyectos/LIM013-fe-md-links/API/functions.js": {"path":"/home/baudin-silva/proyectos/LIM013-fe-md-links/API/functions.js","statementMap":{"0":{"start":{"line":1,"column":11},"end":{"line":1,"column":24}},"1":{"start":{"line":2,"column":13},"end":{"line":2,"column":28}},"2":{"start":{"line":3,"column":22},"end":{"line":3,"column":37}},"3":{"start":{"line":5,"column":17},"end":{"line":5,"column":39}},"4":{"start":{"line":7,"column":0},"end":{"line":35,"column":2}},"5":{"start":{"line":8,"column":26},"end":{"line":8,"column":48}},"6":{"start":{"line":10,"column":4},"end":{"line":12,"column":5}},"7":{"start":{"line":11,"column":6},"end":{"line":11,"column":35}},"8":{"start":{"line":13,"column":4},"end":{"line":13,"column":19}},"9":{"start":{"line":15,"column":27},"end":{"line":15,"column":56}},"10":{"start":{"line":17,"column":18},"end":{"line":17,"column":41}},"11":{"start":{"line":18,"column":16},"end":{"line":18,"column":18}},"12":{"start":{"line":20,"column":4},"end":{"line":27,"column":7}},"13":{"start":{"line":21,"column":6},"end":{"line":26,"column":7}},"14":{"start":{"line":22,"column":8},"end":{"line":22,"column":41}},"15":{"start":{"line":24,"column":25},"end":{"line":24,"column":60}},"16":{"start":{"line":25,"column":8},"end":{"line":25,"column":43}},"17":{"start":{"line":29,"column":4},"end":{"line":29,"column":17}},"18":{"start":{"line":31,"column":25},"end":{"line":33,"column":35}},"19":{"start":{"line":32,"column":20},"end":{"line":32,"column":24}},"20":{"start":{"line":33,"column":22},"end":{"line":33,"column":32}}},"fnMap":{"0":{"name":"(anonymous_0)","decl":{"start":{"line":8,"column":13},"end":{"line":8,"column":14}},"loc":{"start":{"line":8,"column":26},"end":{"line":8,"column":48}},"line":8},"1":{"name":"(anonymous_1)","decl":{"start":{"line":9,"column":19},"end":{"line":9,"column":20}},"loc":{"start":{"line":9,"column":32},"end":{"line":14,"column":3}},"line":9},"2":{"name":"(anonymous_2)","decl":{"start":{"line":15,"column":14},"end":{"line":15,"column":15}},"loc":{"start":{"line":15,"column":27},"end":{"line":15,"column":56}},"line":15},"3":{"name":"readDirectory","decl":{"start":{"line":16,"column":26},"end":{"line":16,"column":39}},"loc":{"start":{"line":16,"column":49},"end":{"line":30,"column":3}},"line":16},"4":{"name":"(anonymous_4)","decl":{"start":{"line":20,"column":18},"end":{"line":20,"column":19}},"loc":{"start":{"line":20,"column":28},"end":{"line":27,"column":5}},"line":20},"5":{"name":"(anonymous_5)","decl":{"start":{"line":31,"column":12},"end":{"line":31,"column":13}},"loc":{"start":{"line":31,"column":25},"end":{"line":33,"column":35}},"line":31},"6":{"name":"(anonymous_6)","decl":{"start":{"line":32,"column":10},"end":{"line":32,"column":11}},"loc":{"start":{"line":32,"column":20},"end":{"line":32,"column":24}},"line":32},"7":{"name":"(anonymous_7)","decl":{"start":{"line":33,"column":11},"end":{"line":33,"column":12}},"loc":{"start":{"line":33,"column":20},"end":{"line":33,"column":34}},"line":33}},"branchMap":{"0":{"loc":{"start":{"line":10,"column":4},"end":{"line":12,"column":5}},"type":"if","locations":[{"start":{"line":10,"column":4},"end":{"line":12,"column":5}},{"start":{"line":10,"column":4},"end":{"line":12,"column":5}}],"line":10},"1":{"loc":{"start":{"line":21,"column":6},"end":{"line":26,"column":7}},"type":"if","locations":[{"start":{"line":21,"column":6},"end":{"line":26,"column":7}},{"start":{"line":21,"column":6},"end":{"line":26,"column":7}}],"line":21}},"s":{"0":1,"1":1,"2":1,"3":1,"4":1,"5":1,"6":1,"7":1,"8":0,"9":1,"10":6,"11":6,"12":6,"13":10,"14":6,"15":4,"16":4,"17":6,"18":2,"19":1,"20":0},"f":{"0":1,"1":1,"2":1,"3":6,"4":10,"5":2,"6":1,"7":0},"b":{"0":[1,0],"1":[6,4]},"_coverageSchema":"1a1c01bbd47fc00a2c39e90264f33305004495a9","hash":"805a2f4a5dfb8d75ad840f412ea1349e9cfd8e99"}
,"/home/baudin-silva/proyectos/LIM013-fe-md-links/API/options.js": {"path":"/home/baudin-silva/proyectos/LIM013-fe-md-links/API/options.js","statementMap":{"0":{"start":{"line":1,"column":14},"end":{"line":1,"column":35}},"1":{"start":{"line":2,"column":18},"end":{"line":2,"column":43}},"2":{"start":{"line":4,"column":0},"end":{"line":36,"column":2}},"3":{"start":{"line":6,"column":27},"end":{"line":6,"column":238}},"4":{"start":{"line":7,"column":18},"end":{"line":7,"column":45}},"5":{"start":{"line":8,"column":27},"end":{"line":8,"column":29}},"6":{"start":{"line":9,"column":4},"end":{"line":25,"column":9}},"7":{"start":{"line":10,"column":26},"end":{"line":10,"column":56}},"8":{"start":{"line":12,"column":8},"end":{"line":23,"column":11}},"9":{"start":{"line":13,"column":22},"end":{"line":13,"column":24}},"10":{"start":{"line":14,"column":31},"end":{"line":14,"column":50}},"11":{"start":{"line":15,"column":35},"end":{"line":15,"column":54}},"12":{"start":{"line":16,"column":34},"end":{"line":16,"column":53}},"13":{"start":{"line":17,"column":23},"end":{"line":17,"column":57}},"14":{"start":{"line":18,"column":23},"end":{"line":18,"column":74}},"15":{"start":{"line":19,"column":10},"end":{"line":19,"column":26}},"16":{"start":{"line":20,"column":10},"end":{"line":20,"column":26}},"17":{"start":{"line":21,"column":10},"end":{"line":21,"column":29}},"18":{"start":{"line":22,"column":10},"end":{"line":22,"column":35}},"19":{"start":{"line":24,"column":8},"end":{"line":24,"column":30}},"20":{"start":{"line":27,"column":37},"end":{"line":35,"column":37}},"21":{"start":{"line":28,"column":39},"end":{"line":29,"column":43}},"22":{"start":{"line":29,"column":22},"end":{"line":29,"column":42}},"23":{"start":{"line":32,"column":6},"end":{"line":32,"column":85}},"24":{"start":{"line":32,"column":37},"end":{"line":32,"column":83}},"25":{"start":{"line":33,"column":6},"end":{"line":33,"column":28}},"26":{"start":{"line":35,"column":20},"end":{"line":35,"column":36}}},"fnMap":{"0":{"name":"(anonymous_0)","decl":{"start":{"line":5,"column":12},"end":{"line":5,"column":13}},"loc":{"start":{"line":5,"column":25},"end":{"line":26,"column":3}},"line":5},"1":{"name":"(anonymous_1)","decl":{"start":{"line":10,"column":12},"end":{"line":10,"column":13}},"loc":{"start":{"line":10,"column":26},"end":{"line":10,"column":56}},"line":10},"2":{"name":"(anonymous_2)","decl":{"start":{"line":11,"column":12},"end":{"line":11,"column":13}},"loc":{"start":{"line":11,"column":28},"end":{"line":25,"column":7}},"line":11},"3":{"name":"(anonymous_3)","decl":{"start":{"line":12,"column":27},"end":{"line":12,"column":28}},"loc":{"start":{"line":12,"column":39},"end":{"line":23,"column":9}},"line":12},"4":{"name":"(anonymous_4)","decl":{"start":{"line":27,"column":17},"end":{"line":27,"column":18}},"loc":{"start":{"line":27,"column":37},"end":{"line":35,"column":37}},"line":27},"5":{"name":"(anonymous_5)","decl":{"start":{"line":28,"column":23},"end":{"line":28,"column":24}},"loc":{"start":{"line":28,"column":39},"end":{"line":29,"column":43}},"line":28},"6":{"name":"(anonymous_6)","decl":{"start":{"line":29,"column":12},"end":{"line":29,"column":13}},"loc":{"start":{"line":29,"column":22},"end":{"line":29,"column":42}},"line":29},"7":{"name":"(anonymous_7)","decl":{"start":{"line":31,"column":10},"end":{"line":31,"column":11}},"loc":{"start":{"line":31,"column":25},"end":{"line":34,"column":5}},"line":31},"8":{"name":"(anonymous_8)","decl":{"start":{"line":32,"column":24},"end":{"line":32,"column":25}},"loc":{"start":{"line":32,"column":37},"end":{"line":32,"column":83}},"line":32},"9":{"name":"(anonymous_9)","decl":{"start":{"line":35,"column":11},"end":{"line":35,"column":12}},"loc":{"start":{"line":35,"column":20},"end":{"line":35,"column":36}},"line":35}},"branchMap":{},"s":{"0":1,"1":1,"2":1,"3":1,"4":1,"5":1,"6":1,"7":0,"8":0,"9":0,"10":0,"11":0,"12":0,"13":0,"14":0,"15":0,"16":0,"17":0,"18":0,"19":0,"20":1,"21":3,"22":3,"23":1,"24":3,"25":1,"26":0},"f":{"0":1,"1":0,"2":0,"3":0,"4":1,"5":3,"6":3,"7":1,"8":3,"9":0},"b":{},"_coverageSchema":"1a1c01bbd47fc00a2c39e90264f33305004495a9","hash":"c1db0a889ae441d9fd28bc481fcb6124a05df873"}
}
