TN:
SF:API/functions.js
FN:8,(anonymous_0)
FN:9,(anonymous_1)
FN:15,(anonymous_2)
FN:16,readDirectory
FN:20,(anonymous_4)
FN:31,(anonymous_5)
FN:32,(anonymous_6)
FN:33,(anonymous_7)
FNF:8
FNH:7
FNDA:1,(anonymous_0)
FNDA:1,(anonymous_1)
FNDA:1,(anonymous_2)
FNDA:6,readDirectory
FNDA:10,(anonymous_4)
FNDA:2,(anonymous_5)
FNDA:1,(anonymous_6)
FNDA:0,(anonymous_7)
DA:1,1
DA:2,1
DA:3,1
DA:5,1
DA:7,1
DA:8,1
DA:10,1
DA:11,1
DA:13,0
DA:15,1
DA:17,6
DA:18,6
DA:20,6
DA:21,10
DA:22,6
DA:24,4
DA:25,4
DA:29,6
DA:31,2
DA:32,1
DA:33,0
LF:21
LH:19
BRDA:10,0,0,1
BRDA:10,0,1,0
BRDA:21,1,0,6
BRDA:21,1,1,4
BRF:4
BRH:3
end_of_record
TN:
SF:API/options.js
FN:5,(anonymous_0)
FN:10,(anonymous_1)
FN:11,(anonymous_2)
FN:12,(anonymous_3)
FN:27,(anonymous_4)
FN:28,(anonymous_5)
FN:29,(anonymous_6)
FN:31,(anonymous_7)
FN:32,(anonymous_8)
FN:35,(anonymous_9)
FNF:10
FNH:6
FNDA:1,(anonymous_0)
FNDA:0,(anonymous_1)
FNDA:0,(anonymous_2)
FNDA:0,(anonymous_3)
FNDA:1,(anonymous_4)
FNDA:3,(anonymous_5)
FNDA:3,(anonymous_6)
FNDA:1,(anonymous_7)
FNDA:3,(anonymous_8)
FNDA:0,(anonymous_9)
DA:1,1
DA:2,1
DA:4,1
DA:6,1
DA:7,1
DA:8,1
DA:9,1
DA:10,0
DA:12,0
DA:13,0
DA:14,0
DA:15,0
DA:16,0
DA:17,0
DA:18,0
DA:19,0
DA:20,0
DA:21,0
DA:22,0
DA:24,0
DA:27,1
DA:28,3
DA:29,3
DA:32,3
DA:33,1
DA:35,0
LF:26
LH:12
BRF:0
BRH:0
end_of_record
